-------------------------------------------------------------------------------
Test set: com.mc.informationsystem.InformationsystemApplicationTests
-------------------------------------------------------------------------------
Tests run: 1, Failures: 0, Errors: 1, Skipped: 0, Time elapsed: 1.647 s <<< FAILURE! - in com.mc.informationsystem.InformationsystemApplicationTests
contextLoads  Time elapsed: 0.001 s  <<< ERROR!
java.lang.IllegalStateException: Failed to load ApplicationContext
Caused by: org.springframework.beans.factory.UnsatisfiedDependencyException: Error creating bean with name 'alertController': Unsatisfied dependency expressed through field 'alertService'; nested exception is org.springframework.beans.factory.UnsatisfiedDependencyException: Error creating bean with name 'alertServiceImpl': Unsatisfied dependency expressed through field 'alertRepository'; nested exception is org.springframework.beans.factory.BeanCreationException: Error creating bean with name 'alertRepository': Cannot resolve reference to bean 'mongoTemplate' while setting bean property 'mongoOperations'; nested exception is org.springframework.beans.factory.UnsatisfiedDependencyException: Error creating bean with name 'mongoTemplate' defined in class path resource [org/springframework/boot/autoconfigure/data/mongo/MongoDbFactoryDependentConfiguration.class]: Unsatisfied dependency expressed through method 'mongoTemplate' parameter 0; nested exception is org.springframework.beans.factory.BeanCreationException: Error creating bean with name 'mongoDbFactory' defined in class path resource [org/springframework/boot/autoconfigure/data/mongo/MongoDbFactoryConfiguration.class]: Bean instantiation via factory method failed; nested exception is org.springframework.beans.BeanInstantiationException: Failed to instantiate [org.springframework.data.mongodb.core.MongoDbFactorySupport]: Factory method 'mongoDbFactory' threw exception; nested exception is java.lang.IllegalArgumentException: Database name must not be empty!
Caused by: org.springframework.beans.factory.UnsatisfiedDependencyException: Error creating bean with name 'alertServiceImpl': Unsatisfied dependency expressed through field 'alertRepository'; nested exception is org.springframework.beans.factory.BeanCreationException: Error creating bean with name 'alertRepository': Cannot resolve reference to bean 'mongoTemplate' while setting bean property 'mongoOperations'; nested exception is org.springframework.beans.factory.UnsatisfiedDependencyException: Error creating bean with name 'mongoTemplate' defined in class path resource [org/springframework/boot/autoconfigure/data/mongo/MongoDbFactoryDependentConfiguration.class]: Unsatisfied dependency expressed through method 'mongoTemplate' parameter 0; nested exception is org.springframework.beans.factory.BeanCreationException: Error creating bean with name 'mongoDbFactory' defined in class path resource [org/springframework/boot/autoconfigure/data/mongo/MongoDbFactoryConfiguration.class]: Bean instantiation via factory method failed; nested exception is org.springframework.beans.BeanInstantiationException: Failed to instantiate [org.springframework.data.mongodb.core.MongoDbFactorySupport]: Factory method 'mongoDbFactory' threw exception; nested exception is java.lang.IllegalArgumentException: Database name must not be empty!
Caused by: org.springframework.beans.factory.BeanCreationException: Error creating bean with name 'alertRepository': Cannot resolve reference to bean 'mongoTemplate' while setting bean property 'mongoOperations'; nested exception is org.springframework.beans.factory.UnsatisfiedDependencyException: Error creating bean with name 'mongoTemplate' defined in class path resource [org/springframework/boot/autoconfigure/data/mongo/MongoDbFactoryDependentConfiguration.class]: Unsatisfied dependency expressed through method 'mongoTemplate' parameter 0; nested exception is org.springframework.beans.factory.BeanCreationException: Error creating bean with name 'mongoDbFactory' defined in class path resource [org/springframework/boot/autoconfigure/data/mongo/MongoDbFactoryConfiguration.class]: Bean instantiation via factory method failed; nested exception is org.springframework.beans.BeanInstantiationException: Failed to instantiate [org.springframework.data.mongodb.core.MongoDbFactorySupport]: Factory method 'mongoDbFactory' threw exception; nested exception is java.lang.IllegalArgumentException: Database name must not be empty!
Caused by: org.springframework.beans.factory.UnsatisfiedDependencyException: Error creating bean with name 'mongoTemplate' defined in class path resource [org/springframework/boot/autoconfigure/data/mongo/MongoDbFactoryDependentConfiguration.class]: Unsatisfied dependency expressed through method 'mongoTemplate' parameter 0; nested exception is org.springframework.beans.factory.BeanCreationException: Error creating bean with name 'mongoDbFactory' defined in class path resource [org/springframework/boot/autoconfigure/data/mongo/MongoDbFactoryConfiguration.class]: Bean instantiation via factory method failed; nested exception is org.springframework.beans.BeanInstantiationException: Failed to instantiate [org.springframework.data.mongodb.core.MongoDbFactorySupport]: Factory method 'mongoDbFactory' threw exception; nested exception is java.lang.IllegalArgumentException: Database name must not be empty!
Caused by: org.springframework.beans.factory.BeanCreationException: Error creating bean with name 'mongoDbFactory' defined in class path resource [org/springframework/boot/autoconfigure/data/mongo/MongoDbFactoryConfiguration.class]: Bean instantiation via factory method failed; nested exception is org.springframework.beans.BeanInstantiationException: Failed to instantiate [org.springframework.data.mongodb.core.MongoDbFactorySupport]: Factory method 'mongoDbFactory' threw exception; nested exception is java.lang.IllegalArgumentException: Database name must not be empty!
Caused by: org.springframework.beans.BeanInstantiationException: Failed to instantiate [org.springframework.data.mongodb.core.MongoDbFactorySupport]: Factory method 'mongoDbFactory' threw exception; nested exception is java.lang.IllegalArgumentException: Database name must not be empty!
Caused by: java.lang.IllegalArgumentException: Database name must not be empty!

